DEPRECATION WARNING: `Rails.application.secrets` is deprecated in favor of `Rails.application.credentials` and will be removed in Rails 7.2. (called from <main> at /Users/apple/repos/UniversityCourseRegistration/config/environment.rb:5)
DEPRECATION WARNING: `Rails.application.secrets` is deprecated in favor of `Rails.application.credentials` and will be removed in Rails 7.2. (called from <main> at /Users/apple/repos/UniversityCourseRegistration/config/environment.rb:5)
DEPRECATION WARNING: `Rails.application.secrets` is deprecated in favor of `Rails.application.credentials` and will be removed in Rails 7.2. (called from <main> at /Users/apple/repos/UniversityCourseRegistration/config/environment.rb:5)
DEPRECATION WARNING: `Rails.application.secrets` is deprecated in favor of `Rails.application.credentials` and will be removed in Rails 7.2. (called from <main> at /Users/apple/repos/UniversityCourseRegistration/config/environment.rb:5)
  [1m[35m (15.8ms)[0m  [1m[34mSELECT pg_try_advisory_lock(2252476139199026370)[0m
  [1m[36mActiveRecord::SchemaMigration Load (16.2ms)[0m  [1m[34mSELECT "schema_migrations"."version" FROM "schema_migrations" ORDER BY "schema_migrations"."version" ASC[0m
  [1m[36mActiveRecord::InternalMetadata Load (16.6ms)[0m  [1m[34mSELECT * FROM "ar_internal_metadata" WHERE "ar_internal_metadata"."key" = $1 ORDER BY "ar_internal_metadata"."key" ASC LIMIT 1[0m  [[nil, "environment"]]
Migrating to DeviseCreateUsers (20240219211210)
  [1m[36mTRANSACTION (16.6ms)[0m  [1m[35mBEGIN[0m
  [1m[35m (26.3ms)[0m  [1m[35mCREATE TABLE "users" ("id" bigserial primary key, "email" character varying DEFAULT '' NOT NULL, "encrypted_password" character varying DEFAULT '' NOT NULL, "reset_password_token" character varying, "reset_password_sent_at" timestamp(6), "remember_created_at" timestamp(6), "created_at" timestamp(6) NOT NULL, "updated_at" timestamp(6) NOT NULL)[0m
  [1m[35m (18.2ms)[0m  [1m[35mCREATE UNIQUE INDEX "index_users_on_email" ON "users" ("email")[0m
  [1m[35m (17.3ms)[0m  [1m[35mCREATE UNIQUE INDEX "index_users_on_reset_password_token" ON "users" ("reset_password_token")[0m
  [1m[36mActiveRecord::SchemaMigration Create (16.5ms)[0m  [1m[32mINSERT INTO "schema_migrations" ("version") VALUES ('20240219211210') RETURNING "version"[0m
  [1m[36mTRANSACTION (18.9ms)[0m  [1m[35mCOMMIT[0m
  [1m[35m (16.1ms)[0m  [1m[34mSELECT pg_advisory_unlock(2252476139199026370)[0m
  [1m[36mActiveRecord::SchemaMigration Load (16.8ms)[0m  [1m[34mSELECT "schema_migrations"."version" FROM "schema_migrations" ORDER BY "schema_migrations"."version" ASC[0m
DEPRECATION WARNING: `Rails.application.secrets` is deprecated in favor of `Rails.application.credentials` and will be removed in Rails 7.2. (called from <main> at /Users/apple/repos/UniversityCourseRegistration/config/environment.rb:5)
DEPRECATION WARNING: `Rails.application.secrets` is deprecated in favor of `Rails.application.credentials` and will be removed in Rails 7.2. (called from <main> at /Users/apple/repos/UniversityCourseRegistration/config/environment.rb:5)
Started GET "/" for ::1 at 2024-02-19 16:13:50 -0500
  [1m[36mActiveRecord::SchemaMigration Load (16.5ms)[0m  [1m[34mSELECT "schema_migrations"."version" FROM "schema_migrations" ORDER BY "schema_migrations"."version" ASC[0m
Processing by Rails::WelcomeController#index as HTML
  Rendering /Users/apple/.rbenv/versions/3.1.2/lib/ruby/gems/3.1.0/gems/railties-7.1.3/lib/rails/templates/rails/welcome/index.html.erb
  Rendered /Users/apple/.rbenv/versions/3.1.2/lib/ruby/gems/3.1.0/gems/railties-7.1.3/lib/rails/templates/rails/welcome/index.html.erb (Duration: 6.4ms | Allocations: 381)
Completed 200 OK in 137ms (Views: 43.9ms | ActiveRecord: 0.0ms | Allocations: 8540)


Started GET "/" for ::1 at 2024-02-19 16:13:54 -0500
Processing by Rails::WelcomeController#index as HTML
  Rendering /Users/apple/.rbenv/versions/3.1.2/lib/ruby/gems/3.1.0/gems/railties-7.1.3/lib/rails/templates/rails/welcome/index.html.erb
  Rendered /Users/apple/.rbenv/versions/3.1.2/lib/ruby/gems/3.1.0/gems/railties-7.1.3/lib/rails/templates/rails/welcome/index.html.erb (Duration: 6.4ms | Allocations: 24)
Completed 200 OK in 8ms (Views: 7.2ms | ActiveRecord: 0.0ms | Allocations: 287)


Started GET "/sign_in" for ::1 at 2024-02-19 16:14:00 -0500
  
ActionController::RoutingError (No route matches [GET] "/sign_in"):
  
Started GET "/sign_up" for ::1 at 2024-02-19 16:14:06 -0500
  
ActionController::RoutingError (No route matches [GET] "/sign_up"):
  
Started GET "/support" for ::1 at 2024-02-19 16:14:17 -0500
  
ActionController::RoutingError (No route matches [GET] "/support"):
  
Started GET "/" for ::1 at 2024-02-19 16:14:17 -0500
Processing by Rails::WelcomeController#index as HTML
  Rendering /Users/apple/.rbenv/versions/3.1.2/lib/ruby/gems/3.1.0/gems/railties-7.1.3/lib/rails/templates/rails/welcome/index.html.erb
  Rendered /Users/apple/.rbenv/versions/3.1.2/lib/ruby/gems/3.1.0/gems/railties-7.1.3/lib/rails/templates/rails/welcome/index.html.erb (Duration: 0.1ms | Allocations: 19)
Completed 200 OK in 1ms (Views: 0.9ms | ActiveRecord: 0.0ms | Allocations: 250)


Started GET "/users/sign_in" for ::1 at 2024-02-19 16:14:20 -0500
Processing by Devise::SessionsController#new as HTML
  Rendering layout layouts/application.html.erb
  Rendering devise/sessions/new.html.erb within layouts/application
  Rendered devise/shared/_links.html.erb (Duration: 2.8ms | Allocations: 612)
  Rendered devise/sessions/new.html.erb within layouts/application (Duration: 34.0ms | Allocations: 4218)
  Rendered layout layouts/application.html.erb (Duration: 948.9ms | Allocations: 72265)
Completed 200 OK in 1495ms (Views: 955.8ms | ActiveRecord: 230.7ms | Allocations: 90237)


Started GET "/users/sign_in" for ::1 at 2024-02-19 16:14:23 -0500
Processing by Devise::SessionsController#new as HTML
  Rendering layout layouts/application.html.erb
  Rendering devise/sessions/new.html.erb within layouts/application
  Rendered devise/shared/_links.html.erb (Duration: 0.2ms | Allocations: 119)
  Rendered devise/sessions/new.html.erb within layouts/application (Duration: 1.8ms | Allocations: 925)
  Rendered layout layouts/application.html.erb (Duration: 6.1ms | Allocations: 1855)
Completed 200 OK in 8ms (Views: 7.0ms | ActiveRecord: 0.0ms | Allocations: 2453)


Started GET "/users/sign_in" for ::1 at 2024-02-19 16:20:26 -0500
Processing by Devise::SessionsController#new as HTML
  Rendering layout layouts/application.html.erb
  Rendering devise/sessions/new.html.erb within layouts/application
  Rendered devise/sessions/new.html.erb within layouts/application (Duration: 4.9ms | Allocations: 1282)
  Rendered layout layouts/application.html.erb (Duration: 10.2ms | Allocations: 2533)
Completed 200 OK in 457ms (Views: 17.2ms | ActiveRecord: 138.0ms | Allocations: 12451)


Started GET "/users/sign_in" for ::1 at 2024-02-19 16:20:37 -0500
Processing by Devise::SessionsController#new as HTML
  Rendering layout layouts/application.html.erb
  Rendering devise/sessions/new.html.erb within layouts/application
  Rendered devise/sessions/new.html.erb within layouts/application (Duration: 3.4ms | Allocations: 1275)
  Rendered layout layouts/application.html.erb (Duration: 7.0ms | Allocations: 2532)
Completed 200 OK in 118ms (Views: 13.5ms | ActiveRecord: 72.3ms | Allocations: 8028)


Started GET "/users/sign_in" for ::1 at 2024-02-19 16:23:15 -0500
Processing by Devise::SessionsController#new as HTML
  Rendering layout layouts/application.html.erb
  Rendering devise/sessions/new.html.erb within layouts/application
  Rendered devise/shared/_links.html.erb (Duration: 2.8ms | Allocations: 539)
  Rendered devise/sessions/new.html.erb within layouts/application (Duration: 30.0ms | Allocations: 6902)
  Rendered layout layouts/application.html.erb (Duration: 42.9ms | Allocations: 6989)
Completed 500 Internal Server Error in 143ms (ActiveRecord: 63.6ms | Allocations: 12355)


  
ActionView::Template::Error (undefined method `user_signe_in?' for #<ActionView::Base:0x00000000018858>

'.freeze; if user_signe_in? 
             ^^^^^^^^^^^^^^
Did you mean?  user_signed_in?):
    26: <%= render "devise/shared/links" %>
    27: 
    28: 
    29: <% if user_signe_in? %>
    30:   <div>Green</div>
    31: <% else %>
    32:   <div>Red</div>
  
app/views/devise/sessions/new.html.erb:29
Started GET "/users/sign_in" for ::1 at 2024-02-19 16:23:24 -0500
Processing by Devise::SessionsController#new as HTML
  Rendering layout layouts/application.html.erb
  Rendering devise/sessions/new.html.erb within layouts/application
  Rendered devise/shared/_links.html.erb (Duration: 1.0ms | Allocations: 539)
  Rendered devise/sessions/new.html.erb within layouts/application (Duration: 4.9ms | Allocations: 2084)
  Rendered layout layouts/application.html.erb (Duration: 9.3ms | Allocations: 3339)
Completed 200 OK in 97ms (Views: 15.1ms | ActiveRecord: 53.7ms | Allocations: 8786)


Started GET "/users/sign_in" for ::1 at 2024-02-19 16:26:16 -0500
Processing by Devise::SessionsController#new as HTML
  Rendering layout layouts/application.html.erb
  Rendering devise/sessions/new.html.erb within layouts/application
  Rendered devise/sessions/new.html.erb within layouts/application (Duration: 33.8ms | Allocations: 7206)
  Rendered layout layouts/application.html.erb (Duration: 34.7ms | Allocations: 7295)
Completed 500 Internal Server Error in 126ms (ActiveRecord: 53.7ms | Allocations: 12647)


  
ActionView::Template::Error (undefined method `first_name' for #<User id: nil, email: "", created_at: nil, updated_at: nil>):
    3: <%= form_for(resource, as: resource_name, url: session_path(resource_name)) do |f| %>
    4:   <div class="field">
    5:     <%= f.label :first_name %><br />
    6:     <%= f.text_field :first_name, autofocus: true, autocomplete: "email" %>
    7:   </div>
    8:   
    9:   <div class="field">
  
app/views/devise/sessions/new.html.erb:6
app/views/devise/sessions/new.html.erb:3
Started GET "/users/sign_in" for ::1 at 2024-02-19 16:26:49 -0500
Processing by Devise::SessionsController#new as HTML
  Rendering layout layouts/application.html.erb
  Rendering devise/sessions/new.html.erb within layouts/application
  Rendered devise/shared/_links.html.erb (Duration: 3.5ms | Allocations: 539)
  Rendered devise/sessions/new.html.erb within layouts/application (Duration: 12.0ms | Allocations: 2172)
  Rendered layout layouts/application.html.erb (Duration: 30.1ms | Allocations: 3427)
Completed 200 OK in 123ms (Views: 37.7ms | ActiveRecord: 55.4ms | Allocations: 8866)


Started GET "/users/sign_in" for ::1 at 2024-02-19 16:26:59 -0500
Processing by Devise::SessionsController#new as HTML
  Rendering layout layouts/application.html.erb
  Rendering devise/sessions/new.html.erb within layouts/application
  Rendered devise/shared/_links.html.erb (Duration: 2.0ms | Allocations: 539)
  Rendered devise/sessions/new.html.erb within layouts/application (Duration: 6.6ms | Allocations: 1945)
  Rendered layout layouts/application.html.erb (Duration: 11.8ms | Allocations: 3200)
Completed 200 OK in 104ms (Views: 16.0ms | ActiveRecord: 55.7ms | Allocations: 8607)


DEPRECATION WARNING: `Rails.application.secrets` is deprecated in favor of `Rails.application.credentials` and will be removed in Rails 7.2. (called from <main> at /Users/apple/repos/UniversityCourseRegistration/config/environment.rb:5)
DEPRECATION WARNING: `Rails.application.secrets` is deprecated in favor of `Rails.application.credentials` and will be removed in Rails 7.2. (called from <main> at /Users/apple/repos/UniversityCourseRegistration/config/environment.rb:5)
  [1m[35m (17.0ms)[0m  [1m[34mSELECT pg_try_advisory_lock(2252476139199026370)[0m
  [1m[36mActiveRecord::SchemaMigration Load (17.5ms)[0m  [1m[34mSELECT "schema_migrations"."version" FROM "schema_migrations" ORDER BY "schema_migrations"."version" ASC[0m
  [1m[36mActiveRecord::InternalMetadata Load (17.6ms)[0m  [1m[34mSELECT * FROM "ar_internal_metadata" WHERE "ar_internal_metadata"."key" = $1 ORDER BY "ar_internal_metadata"."key" ASC LIMIT 1[0m  [[nil, "environment"]]
Migrating to CreateDepartments (20240305205113)
  [1m[36mTRANSACTION (17.1ms)[0m  [1m[35mBEGIN[0m
  [1m[35m (24.7ms)[0m  [1m[35mCREATE TABLE "departments" ("id" bigserial primary key, "name" character varying, "code" character varying, "created_at" timestamp(6) NOT NULL, "updated_at" timestamp(6) NOT NULL)[0m
  [1m[36mActiveRecord::SchemaMigration Create (17.3ms)[0m  [1m[32mINSERT INTO "schema_migrations" ("version") VALUES ('20240305205113') RETURNING "version"[0m
  [1m[36mTRANSACTION (18.6ms)[0m  [1m[35mCOMMIT[0m
  [1m[35m (16.9ms)[0m  [1m[34mSELECT pg_advisory_unlock(2252476139199026370)[0m
  [1m[36mActiveRecord::SchemaMigration Load (16.8ms)[0m  [1m[34mSELECT "schema_migrations"."version" FROM "schema_migrations" ORDER BY "schema_migrations"."version" ASC[0m
DEPRECATION WARNING: `Rails.application.secrets` is deprecated in favor of `Rails.application.credentials` and will be removed in Rails 7.2. (called from <main> at /Users/apple/repos/UniversityCourseRegistration/config/environment.rb:5)
  [1m[36mUser Count (22.0ms)[0m  [1m[34mSELECT COUNT(*) FROM "users"[0m
  [1m[36mDepartment Count (21.9ms)[0m  [1m[34mSELECT COUNT(*) FROM "departments"[0m
  [1m[36mTRANSACTION (21.4ms)[0m  [1m[35mBEGIN[0m
  [1m[36mDepartment Create (46.1ms)[0m  [1m[32mINSERT INTO "departments" ("name", "code", "created_at", "updated_at") VALUES ($1, $2, $3, $4) RETURNING "id"[0m  [["name", "Computer Science"], ["code", "COSC"], ["created_at", "2024-03-05 20:53:32.026988"], ["updated_at", "2024-03-05 20:53:32.026988"]]
  [1m[36mTRANSACTION (22.8ms)[0m  [1m[35mCOMMIT[0m
DEPRECATION WARNING: `Rails.application.secrets` is deprecated in favor of `Rails.application.credentials` and will be removed in Rails 7.2. (called from <main> at /Users/apple/repos/UniversityCourseRegistration/config/environment.rb:5)
DEPRECATION WARNING: `Rails.application.secrets` is deprecated in favor of `Rails.application.credentials` and will be removed in Rails 7.2. (called from <main> at /Users/apple/repos/UniversityCourseRegistration/config/environment.rb:5)
DEPRECATION WARNING: `Rails.application.secrets` is deprecated in favor of `Rails.application.credentials` and will be removed in Rails 7.2. (called from <main> at /Users/apple/repos/UniversityCourseRegistration/config/environment.rb:5)
  [1m[35m (22.5ms)[0m  [1m[34mSELECT pg_try_advisory_lock(2252476139199026370)[0m
  [1m[36mActiveRecord::SchemaMigration Load (22.9ms)[0m  [1m[34mSELECT "schema_migrations"."version" FROM "schema_migrations" ORDER BY "schema_migrations"."version" ASC[0m
  [1m[36mActiveRecord::InternalMetadata Load (23.3ms)[0m  [1m[34mSELECT * FROM "ar_internal_metadata" WHERE "ar_internal_metadata"."key" = $1 ORDER BY "ar_internal_metadata"."key" ASC LIMIT 1[0m  [[nil, "environment"]]
Migrating to CreateStudents (20240305205622)
  [1m[36mTRANSACTION (21.8ms)[0m  [1m[35mBEGIN[0m
  [1m[35m (29.3ms)[0m  [1m[35mCREATE TABLE "students" ("id" bigserial primary key, "major" character varying, "is_undergraduate" boolean, "user_id" bigint NOT NULL, "created_at" timestamp(6) NOT NULL, "updated_at" timestamp(6) NOT NULL, CONSTRAINT "fk_rails_148c9e88f4"
FOREIGN KEY ("user_id")
  REFERENCES "users" ("id")
)[0m
  [1m[35m (22.0ms)[0m  [1m[35mCREATE INDEX "index_students_on_user_id" ON "students" ("user_id")[0m
  [1m[36mActiveRecord::SchemaMigration Create (32.4ms)[0m  [1m[32mINSERT INTO "schema_migrations" ("version") VALUES ('20240305205622') RETURNING "version"[0m
  [1m[36mTRANSACTION (22.8ms)[0m  [1m[35mCOMMIT[0m
  [1m[35m (21.7ms)[0m  [1m[34mSELECT pg_advisory_unlock(2252476139199026370)[0m
  [1m[36mActiveRecord::SchemaMigration Load (21.9ms)[0m  [1m[34mSELECT "schema_migrations"."version" FROM "schema_migrations" ORDER BY "schema_migrations"."version" ASC[0m
DEPRECATION WARNING: `Rails.application.secrets` is deprecated in favor of `Rails.application.credentials` and will be removed in Rails 7.2. (called from <main> at /Users/apple/repos/UniversityCourseRegistration/config/environment.rb:5)
DEPRECATION WARNING: `Rails.application.secrets` is deprecated in favor of `Rails.application.credentials` and will be removed in Rails 7.2. (called from <main> at /Users/apple/repos/UniversityCourseRegistration/config/environment.rb:5)
  [1m[35m (17.1ms)[0m  [1m[34mSELECT pg_try_advisory_lock(2252476139199026370)[0m
  [1m[36mActiveRecord::SchemaMigration Load (17.5ms)[0m  [1m[34mSELECT "schema_migrations"."version" FROM "schema_migrations" ORDER BY "schema_migrations"."version" ASC[0m
  [1m[36mActiveRecord::InternalMetadata Load (17.6ms)[0m  [1m[34mSELECT * FROM "ar_internal_metadata" WHERE "ar_internal_metadata"."key" = $1 ORDER BY "ar_internal_metadata"."key" ASC LIMIT 1[0m  [[nil, "environment"]]
Migrating to CreateInstructors (20240305205716)
  [1m[36mTRANSACTION (16.9ms)[0m  [1m[35mBEGIN[0m
  [1m[35m (20.0ms)[0m  [1m[35mCREATE TABLE "instructors" ("id" bigserial primary key, "ssn" character varying, "phone_number" character varying, "department_id" bigint NOT NULL, "user_id" bigint NOT NULL, "created_at" timestamp(6) NOT NULL, "updated_at" timestamp(6) NOT NULL, CONSTRAINT "fk_rails_0a2e729137"
FOREIGN KEY ("department_id")
  REFERENCES "departments" ("id")
, CONSTRAINT "fk_rails_4858d01595"
FOREIGN KEY ("user_id")
  REFERENCES "users" ("id")
)[0m
  [1m[35m (17.2ms)[0m  [1m[35mCREATE INDEX "index_instructors_on_department_id" ON "instructors" ("department_id")[0m
  [1m[35m (17.2ms)[0m  [1m[35mCREATE INDEX "index_instructors_on_user_id" ON "instructors" ("user_id")[0m
  [1m[36mActiveRecord::SchemaMigration Create (17.6ms)[0m  [1m[32mINSERT INTO "schema_migrations" ("version") VALUES ('20240305205716') RETURNING "version"[0m
  [1m[36mTRANSACTION (17.8ms)[0m  [1m[35mCOMMIT[0m
  [1m[35m (17.0ms)[0m  [1m[34mSELECT pg_advisory_unlock(2252476139199026370)[0m
  [1m[36mActiveRecord::SchemaMigration Load (16.9ms)[0m  [1m[34mSELECT "schema_migrations"."version" FROM "schema_migrations" ORDER BY "schema_migrations"."version" ASC[0m
  [1m[36mUser Count (30.9ms)[0m  [1m[34mSELECT COUNT(*) FROM "users"[0m
  [1m[36mUser Load (24.0ms)[0m  [1m[34mSELECT "users".* FROM "users" ORDER BY "users"."id" ASC LIMIT $1[0m  [["LIMIT", 1]]
  [1m[36mUser Load (22.8ms)[0m  [1m[34mSELECT "users".* FROM "users" ORDER BY "users"."id" ASC LIMIT $1[0m  [["LIMIT", 1]]
  [1m[36mUser Load (21.9ms)[0m  [1m[34mSELECT "users".* FROM "users" ORDER BY "users"."id" ASC LIMIT $1[0m  [["LIMIT", 1]]
DEPRECATION WARNING: `Rails.application.secrets` is deprecated in favor of `Rails.application.credentials` and will be removed in Rails 7.2. (called from <main> at /Users/apple/repos/UniversityCourseRegistration/config/environment.rb:5)
  [1m[36mTRANSACTION (21.6ms)[0m  [1m[35mBEGIN[0m
  [1m[36mUser Load (22.3ms)[0m  [1m[34mSELECT "users".* FROM "users" WHERE "users"."id" = $1 LIMIT $2[0m  [["id", 1], ["LIMIT", 1]]
  [1m[36mStudent Create (23.3ms)[0m  [1m[32mINSERT INTO "students" ("major", "is_undergraduate", "user_id", "created_at", "updated_at") VALUES ($1, $2, $3, $4, $5) RETURNING "id"[0m  [["major", "Computer Science"], ["is_undergraduate", true], ["user_id", 1], ["created_at", "2024-03-05 21:13:13.941812"], ["updated_at", "2024-03-05 21:13:13.941812"]]
  [1m[36mTRANSACTION (22.4ms)[0m  [1m[35mCOMMIT[0m
  [1m[36mUser Load (21.4ms)[0m  [1m[34mSELECT "users".* FROM "users" ORDER BY "users"."id" ASC LIMIT $1[0m  [["LIMIT", 1]]
  [1m[36mStudent Load (21.8ms)[0m  [1m[34mSELECT "students".* FROM "students" WHERE "students"."user_id" = $1 LIMIT $2[0m  [["user_id", 1], ["LIMIT", 1]]
  [1m[36mUser Load (21.4ms)[0m  [1m[34mSELECT "users".* FROM "users" ORDER BY "users"."id" ASC LIMIT $1[0m  [["LIMIT", 1]]
  [1m[36mStudent Load (21.9ms)[0m  [1m[34mSELECT "students".* FROM "students" WHERE "students"."user_id" = $1 LIMIT $2[0m  [["user_id", 1], ["LIMIT", 1]]
  [1m[36mUser Load (21.5ms)[0m  [1m[34mSELECT "users".* FROM "users" ORDER BY "users"."id" DESC LIMIT $1[0m  [["LIMIT", 1]]
  [1m[36mTRANSACTION (21.3ms)[0m  [1m[35mBEGIN[0m
  [1m[36mDepartment Load (21.5ms)[0m  [1m[34mSELECT "departments".* FROM "departments" WHERE "departments"."id" = $1 LIMIT $2[0m  [["id", 1], ["LIMIT", 1]]
  [1m[36mUser Load (21.4ms)[0m  [1m[34mSELECT "users".* FROM "users" WHERE "users"."id" = $1 LIMIT $2[0m  [["id", 2], ["LIMIT", 1]]
  [1m[36mInstructor Create (22.3ms)[0m  [1m[32mINSERT INTO "instructors" ("ssn", "phone_number", "department_id", "user_id", "created_at", "updated_at") VALUES ($1, $2, $3, $4, $5, $6) RETURNING "id"[0m  [["ssn", "[FILTERED]"], ["phone_number", "7341112222"], ["department_id", 1], ["user_id", 2], ["created_at", "2024-03-05 21:16:02.539367"], ["updated_at", "2024-03-05 21:16:02.539367"]]
  [1m[36mTRANSACTION (35.9ms)[0m  [1m[35mCOMMIT[0m
  [1m[36mInstructor Load (21.9ms)[0m  [1m[34mSELECT "instructors".* FROM "instructors" ORDER BY "instructors"."id" ASC LIMIT $1[0m  [["LIMIT", 1]]
  [1m[36mInstructor Load (21.7ms)[0m  [1m[34mSELECT "instructors".* FROM "instructors" ORDER BY "instructors"."id" ASC LIMIT $1[0m  [["LIMIT", 1]]
  [1m[36mUser Load (21.5ms)[0m  [1m[34mSELECT "users".* FROM "users" ORDER BY "users"."id" DESC LIMIT $1[0m  [["LIMIT", 1]]
  [1m[36mInstructor Load (21.5ms)[0m  [1m[34mSELECT "instructors".* FROM "instructors" WHERE "instructors"."user_id" = $1 LIMIT $2[0m  [["user_id", 2], ["LIMIT", 1]]
  [1m[36mUser Load (21.6ms)[0m  [1m[34mSELECT "users".* FROM "users" ORDER BY "users"."id" DESC LIMIT $1[0m  [["LIMIT", 1]]
  [1m[36mStudent Load (21.3ms)[0m  [1m[34mSELECT "students".* FROM "students" WHERE "students"."user_id" = $1 LIMIT $2[0m  [["user_id", 2], ["LIMIT", 1]]
DEPRECATION WARNING: `Rails.application.secrets` is deprecated in favor of `Rails.application.credentials` and will be removed in Rails 7.2. (called from <main> at /Users/apple/repos/UniversityCourseRegistration/config/environment.rb:5)
DEPRECATION WARNING: `Rails.application.secrets` is deprecated in favor of `Rails.application.credentials` and will be removed in Rails 7.2. (called from <main> at /Users/apple/repos/UniversityCourseRegistration/config/environment.rb:5)
DEPRECATION WARNING: `Rails.application.secrets` is deprecated in favor of `Rails.application.credentials` and will be removed in Rails 7.2. (called from <main> at /Users/apple/repos/UniversityCourseRegistration/config/environment.rb:5)
  [1m[35m (16.1ms)[0m  [1m[34mSELECT pg_try_advisory_lock(2252476139199026370)[0m
  [1m[36mActiveRecord::SchemaMigration Load (17.2ms)[0m  [1m[34mSELECT "schema_migrations"."version" FROM "schema_migrations" ORDER BY "schema_migrations"."version" ASC[0m
  [1m[36mActiveRecord::InternalMetadata Load (16.6ms)[0m  [1m[34mSELECT * FROM "ar_internal_metadata" WHERE "ar_internal_metadata"."key" = $1 ORDER BY "ar_internal_metadata"."key" ASC LIMIT 1[0m  [[nil, "environment"]]
Migrating to CreateCourses (20240305211846)
  [1m[36mTRANSACTION (16.0ms)[0m  [1m[35mBEGIN[0m
  [1m[35m (22.0ms)[0m  [1m[35mCREATE TABLE "courses" ("id" bigserial primary key, "title" character varying, "description" text, "department_id" bigint NOT NULL, "code" character varying, "credits" integer, "created_at" timestamp(6) NOT NULL, "updated_at" timestamp(6) NOT NULL, CONSTRAINT "fk_rails_4e7d7b190d"
FOREIGN KEY ("department_id")
  REFERENCES "departments" ("id")
)[0m
  [1m[35m (16.5ms)[0m  [1m[35mCREATE INDEX "index_courses_on_department_id" ON "courses" ("department_id")[0m
  [1m[36mActiveRecord::SchemaMigration Create (16.2ms)[0m  [1m[32mINSERT INTO "schema_migrations" ("version") VALUES ('20240305211846') RETURNING "version"[0m
  [1m[36mTRANSACTION (18.2ms)[0m  [1m[35mCOMMIT[0m
Migrating to CreateSections (20240305211926)
  [1m[36mTRANSACTION (15.7ms)[0m  [1m[35mBEGIN[0m
  [1m[35m (35.6ms)[0m  [1m[35mCREATE TABLE "sections" ("id" bigserial primary key, "course_id" bigint NOT NULL, "instructor_id" bigint NOT NULL, "capacity" integer, "semester" character varying, "year" integer, "days" character varying, "start_time" time, "end_time" time, "created_at" timestamp(6) NOT NULL, "updated_at" timestamp(6) NOT NULL, CONSTRAINT "fk_rails_20b1e5de46"
FOREIGN KEY ("course_id")
  REFERENCES "courses" ("id")
, CONSTRAINT "fk_rails_099c045db9"
FOREIGN KEY ("instructor_id")
  REFERENCES "instructors" ("id")
)[0m
  [1m[35m (16.2ms)[0m  [1m[35mCREATE INDEX "index_sections_on_course_id" ON "sections" ("course_id")[0m
  [1m[35m (23.2ms)[0m  [1m[35mCREATE INDEX "index_sections_on_instructor_id" ON "sections" ("instructor_id")[0m
  [1m[36mActiveRecord::SchemaMigration Create (16.7ms)[0m  [1m[32mINSERT INTO "schema_migrations" ("version") VALUES ('20240305211926') RETURNING "version"[0m
  [1m[36mTRANSACTION (17.0ms)[0m  [1m[35mCOMMIT[0m
  [1m[35m (15.9ms)[0m  [1m[34mSELECT pg_advisory_unlock(2252476139199026370)[0m
  [1m[36mActiveRecord::SchemaMigration Load (16.4ms)[0m  [1m[34mSELECT "schema_migrations"."version" FROM "schema_migrations" ORDER BY "schema_migrations"."version" ASC[0m
DEPRECATION WARNING: `Rails.application.secrets` is deprecated in favor of `Rails.application.credentials` and will be removed in Rails 7.2. (called from <main> at /Users/apple/repos/UniversityCourseRegistration/config/environment.rb:5)
Started GET "/" for ::1 at 2024-03-05 16:20:26 -0500
  [1m[36mActiveRecord::SchemaMigration Load (21.7ms)[0m  [1m[34mSELECT "schema_migrations"."version" FROM "schema_migrations" ORDER BY "schema_migrations"."version" ASC[0m
Processing by Rails::WelcomeController#index as HTML
  Rendering /Users/apple/.rbenv/versions/3.1.2/lib/ruby/gems/3.1.0/gems/railties-7.1.3/lib/rails/templates/rails/welcome/index.html.erb
  Rendered /Users/apple/.rbenv/versions/3.1.2/lib/ruby/gems/3.1.0/gems/railties-7.1.3/lib/rails/templates/rails/welcome/index.html.erb (Duration: 1.3ms | Allocations: 381)
Completed 200 OK in 53ms (Views: 12.4ms | ActiveRecord: 0.0ms | Allocations: 4744)


Started GET "/" for ::1 at 2024-03-05 16:20:29 -0500
Processing by Rails::WelcomeController#index as HTML
  Rendering /Users/apple/.rbenv/versions/3.1.2/lib/ruby/gems/3.1.0/gems/railties-7.1.3/lib/rails/templates/rails/welcome/index.html.erb
  Rendered /Users/apple/.rbenv/versions/3.1.2/lib/ruby/gems/3.1.0/gems/railties-7.1.3/lib/rails/templates/rails/welcome/index.html.erb (Duration: 0.1ms | Allocations: 24)
Completed 200 OK in 1ms (Views: 0.9ms | ActiveRecord: 0.0ms | Allocations: 288)


Started GET "/courses" for ::1 at 2024-03-05 16:20:30 -0500
Processing by CoursesController#index as HTML
  Rendering layout layouts/application.html.erb
  Rendering courses/index.html.erb within layouts/application
  [1m[36mCourse Load (44.0ms)[0m  [1m[34mSELECT "courses".* FROM "courses"[0m
  ↳ app/views/courses/index.html.erb:6
  Rendered courses/index.html.erb within layouts/application (Duration: 432.7ms | Allocations: 4450)
  Rendered layout layouts/application.html.erb (Duration: 670.8ms | Allocations: 22426)
Completed 200 OK in 721ms (Views: 453.3ms | ActiveRecord: 221.2ms | Allocations: 25740)


Started GET "/courses/new" for ::1 at 2024-03-05 16:21:30 -0500
Processing by CoursesController#new as HTML
  Rendering layout layouts/application.html.erb
  Rendering courses/new.html.erb within layouts/application
  Rendered courses/_form.html.erb (Duration: 45.0ms | Allocations: 4346)
  Rendered courses/new.html.erb within layouts/application (Duration: 47.6ms | Allocations: 4699)
  Rendered layout layouts/application.html.erb (Duration: 51.2ms | Allocations: 5758)
Completed 200 OK in 212ms (Views: 52.0ms | ActiveRecord: 112.2ms | Allocations: 20738)


Started POST "/courses" for ::1 at 2024-03-05 16:28:12 -0500
Processing by CoursesController#create as HTML
  Parameters: {"authenticity_token"=>"[FILTERED]", "course"=>{"title"=>"Intro to Programming", "description"=>"Teaches basic pogromming skills in C++. Variables, loops, functions, classes.", "department_id"=>"1", "code"=>"101", "credits"=>"3"}, "commit"=>"Create Course"}
  [1m[36mTRANSACTION (17.2ms)[0m  [1m[35mBEGIN[0m
  ↳ app/controllers/courses_controller.rb:27:in `block in create'
  [1m[36mDepartment Load (17.0ms)[0m  [1m[34mSELECT "departments".* FROM "departments" WHERE "departments"."id" = $1 LIMIT $2[0m  [["id", 1], ["LIMIT", 1]]
  ↳ app/controllers/courses_controller.rb:27:in `block in create'
  [1m[36mCourse Create (20.4ms)[0m  [1m[32mINSERT INTO "courses" ("title", "description", "department_id", "code", "credits", "created_at", "updated_at") VALUES ($1, $2, $3, $4, $5, $6, $7) RETURNING "id"[0m  [["title", "Intro to Programming"], ["description", "Teaches basic pogromming skills in C++. Variables, loops, functions, classes."], ["department_id", 1], ["code", "101"], ["credits", 3], ["created_at", "2024-03-05 21:28:12.837157"], ["updated_at", "2024-03-05 21:28:12.837157"]]
  ↳ app/controllers/courses_controller.rb:27:in `block in create'
  [1m[36mTRANSACTION (17.0ms)[0m  [1m[35mCOMMIT[0m
  ↳ app/controllers/courses_controller.rb:27:in `block in create'
Redirected to http://localhost:3000/courses/1
Completed 302 Found in 597ms (ActiveRecord: 298.0ms | Allocations: 15949)


Started GET "/courses/1" for ::1 at 2024-03-05 16:28:12 -0500
Processing by CoursesController#show as HTML
  Parameters: {"id"=>"1"}
  [1m[36mCourse Load (18.4ms)[0m  [1m[34mSELECT "courses".* FROM "courses" WHERE "courses"."id" = $1 LIMIT $2[0m  [["id", 1], ["LIMIT", 1]]
  ↳ app/controllers/courses_controller.rb:63:in `set_course'
  Rendering layout layouts/application.html.erb
  Rendering courses/show.html.erb within layouts/application
  Rendered courses/_course.html.erb (Duration: 0.8ms | Allocations: 291)
  Rendered courses/show.html.erb within layouts/application (Duration: 13.5ms | Allocations: 1468)
  Rendered layout layouts/application.html.erb (Duration: 16.7ms | Allocations: 2510)
Completed 200 OK in 74ms (Views: 17.6ms | ActiveRecord: 18.4ms | Allocations: 4187)


Started GET "/courses" for ::1 at 2024-03-05 16:28:16 -0500
Processing by CoursesController#index as HTML
  Rendering layout layouts/application.html.erb
  Rendering courses/index.html.erb within layouts/application
  [1m[36mCourse Load (32.0ms)[0m  [1m[34mSELECT "courses".* FROM "courses"[0m
  ↳ app/views/courses/index.html.erb:6
  Rendered courses/_course.html.erb (Duration: 0.2ms | Allocations: 25)
  Rendered courses/index.html.erb within layouts/application (Duration: 38.7ms | Allocations: 1111)
  Rendered layout layouts/application.html.erb (Duration: 42.9ms | Allocations: 2048)
Completed 200 OK in 45ms (Views: 12.5ms | ActiveRecord: 32.0ms | Allocations: 2345)


